2024-11-30T22:18:40.350+07:00  INFO 17116 --- [PetShop_BE1] [restartedMain] iuh.fit.se.PetShopBe1Application         : Starting PetShopBe1Application using Java 17.0.12 with PID 17116 (D:\JAVA\www\spring\project\SubProject_WWW_JAVA\PetShop_BE1\target\classes started by Nghiem in D:\JAVA\www\spring\project\SubProject_WWW_JAVA\PetShop_BE1)
2024-11-30T22:18:40.353+07:00  INFO 17116 --- [PetShop_BE1] [restartedMain] iuh.fit.se.PetShopBe1Application         : No active profile set, falling back to 1 default profile: "default"
2024-11-30T22:18:40.391+07:00  INFO 17116 --- [PetShop_BE1] [restartedMain] .e.DevToolsPropertyDefaultsPostProcessor : Devtools property defaults active! Set 'spring.devtools.add-properties' to 'false' to disable
2024-11-30T22:18:40.391+07:00  INFO 17116 --- [PetShop_BE1] [restartedMain] .e.DevToolsPropertyDefaultsPostProcessor : For additional web related logging consider setting the 'logging.level.web' property to 'DEBUG'
2024-11-30T22:18:41.061+07:00  INFO 17116 --- [PetShop_BE1] [restartedMain] .s.d.r.c.RepositoryConfigurationDelegate : Bootstrapping Spring Data JPA repositories in DEFAULT mode.
2024-11-30T22:18:41.114+07:00  INFO 17116 --- [PetShop_BE1] [restartedMain] .s.d.r.c.RepositoryConfigurationDelegate : Finished Spring Data repository scanning in 43 ms. Found 4 JPA repository interfaces.
2024-11-30T22:18:41.384+07:00  WARN 17116 --- [PetShop_BE1] [restartedMain] trationDelegate$BeanPostProcessorChecker : Bean 'org.springframework.ws.config.annotation.DelegatingWsConfiguration' of type [org.springframework.ws.config.annotation.DelegatingWsConfiguration$$SpringCGLIB$$0] is not eligible for getting processed by all BeanPostProcessors (for example: not eligible for auto-proxying). The currently created BeanPostProcessor [annotationActionEndpointMapping] is declared through a non-static factory method on that class; consider declaring it as static instead.
2024-11-30T22:18:41.423+07:00  INFO 17116 --- [PetShop_BE1] [restartedMain] .w.s.a.s.AnnotationActionEndpointMapping : Supporting [WS-Addressing August 2004, WS-Addressing 1.0]
2024-11-30T22:18:41.650+07:00  INFO 17116 --- [PetShop_BE1] [restartedMain] o.s.b.w.embedded.tomcat.TomcatWebServer  : Tomcat initialized with port 9998 (http)
2024-11-30T22:18:41.660+07:00  INFO 17116 --- [PetShop_BE1] [restartedMain] o.apache.catalina.core.StandardService   : Starting service [Tomcat]
2024-11-30T22:18:41.661+07:00  INFO 17116 --- [PetShop_BE1] [restartedMain] o.apache.catalina.core.StandardEngine    : Starting Servlet engine: [Apache Tomcat/10.1.33]
2024-11-30T22:18:41.707+07:00  INFO 17116 --- [PetShop_BE1] [restartedMain] o.a.c.c.C.[Tomcat].[localhost].[/api]    : Initializing Spring embedded WebApplicationContext
2024-11-30T22:18:41.708+07:00  INFO 17116 --- [PetShop_BE1] [restartedMain] w.s.c.ServletWebServerApplicationContext : Root WebApplicationContext: initialization completed in 1317 ms
2024-11-30T22:18:42.167+07:00  INFO 17116 --- [PetShop_BE1] [restartedMain] o.s.o.j.p.SpringPersistenceUnitInfo      : No LoadTimeWeaver setup: ignoring JPA class transformer
2024-11-30T22:18:42.194+07:00  INFO 17116 --- [PetShop_BE1] [restartedMain] com.zaxxer.hikari.HikariDataSource       : HikariPool-1 - Starting...
2024-11-30T22:18:42.270+07:00  INFO 17116 --- [PetShop_BE1] [restartedMain] com.zaxxer.hikari.pool.HikariPool        : HikariPool-1 - Added connection org.mariadb.jdbc.Connection@53db147f
2024-11-30T22:18:42.272+07:00  INFO 17116 --- [PetShop_BE1] [restartedMain] com.zaxxer.hikari.HikariDataSource       : HikariPool-1 - Start completed.
2024-11-30T22:18:44.281+07:00  INFO 17116 --- [PetShop_BE1] [restartedMain] j.LocalContainerEntityManagerFactoryBean : Initialized JPA EntityManagerFactory for persistence unit 'default'
2024-11-30T22:18:44.689+07:00  WARN 17116 --- [PetShop_BE1] [restartedMain] JpaBaseConfiguration$JpaWebConfiguration : spring.jpa.open-in-view is enabled by default. Therefore, database queries may be performed during view rendering. Explicitly configure spring.jpa.open-in-view to disable this warning
2024-11-30T22:18:44.878+07:00 DEBUG 17116 --- [PetShop_BE1] [restartedMain] s.w.s.m.m.a.RequestMappingHandlerMapping : 23 mappings in 'requestMappingHandlerMapping'
2024-11-30T22:18:44.969+07:00 DEBUG 17116 --- [PetShop_BE1] [restartedMain] o.s.w.s.handler.SimpleUrlHandlerMapping  : Patterns [/webjars/**, /**, /swagger-ui*/*swagger-initializer.js, /swagger-ui*/**, /api/explorer/**] in 'resourceHandlerMapping'
2024-11-30T22:18:45.002+07:00 DEBUG 17116 --- [PetShop_BE1] [restartedMain] s.w.s.m.m.a.RequestMappingHandlerAdapter : ControllerAdvice beans: 0 @ModelAttribute, 0 @InitBinder, 1 RequestBodyAdvice, 1 ResponseBodyAdvice
2024-11-30T22:18:45.040+07:00 DEBUG 17116 --- [PetShop_BE1] [restartedMain] .m.m.a.ExceptionHandlerExceptionResolver : ControllerAdvice beans: 2 @ExceptionHandler, 1 ResponseBodyAdvice
2024-11-30T22:18:45.068+07:00 DEBUG 17116 --- [PetShop_BE1] [restartedMain] .m.m.a.ExceptionHandlerExceptionResolver : ControllerAdvice beans: 2 @ExceptionHandler, 0 ResponseBodyAdvice
2024-11-30T22:18:45.368+07:00  WARN 17116 --- [PetShop_BE1] [restartedMain] o.s.b.d.a.OptionalLiveReloadServer       : Unable to start LiveReload server
2024-11-30T22:18:45.424+07:00  INFO 17116 --- [PetShop_BE1] [restartedMain] o.s.b.w.embedded.tomcat.TomcatWebServer  : Tomcat started on port 9998 (http) with context path '/api'
2024-11-30T22:18:45.433+07:00  INFO 17116 --- [PetShop_BE1] [restartedMain] iuh.fit.se.PetShopBe1Application         : Started PetShopBe1Application in 5.455 seconds (process running for 5.999)
2024-11-30T22:19:51.119+07:00  INFO 17116 --- [PetShop_BE1] [http-nio-9998-exec-1] o.a.c.c.C.[Tomcat].[localhost].[/api]    : Initializing Spring DispatcherServlet 'dispatcherServlet'
2024-11-30T22:19:51.119+07:00  INFO 17116 --- [PetShop_BE1] [http-nio-9998-exec-1] o.s.web.servlet.DispatcherServlet        : Initializing Servlet 'dispatcherServlet'
2024-11-30T22:19:51.119+07:00 DEBUG 17116 --- [PetShop_BE1] [http-nio-9998-exec-1] o.s.web.servlet.DispatcherServlet        : Detected StandardServletMultipartResolver
2024-11-30T22:19:51.119+07:00 DEBUG 17116 --- [PetShop_BE1] [http-nio-9998-exec-1] o.s.web.servlet.DispatcherServlet        : Detected AcceptHeaderLocaleResolver
2024-11-30T22:19:51.120+07:00 DEBUG 17116 --- [PetShop_BE1] [http-nio-9998-exec-1] o.s.web.servlet.DispatcherServlet        : Detected FixedThemeResolver
2024-11-30T22:19:51.121+07:00 DEBUG 17116 --- [PetShop_BE1] [http-nio-9998-exec-1] o.s.web.servlet.DispatcherServlet        : Detected org.springframework.web.servlet.view.DefaultRequestToViewNameTranslator@f4cb233
2024-11-30T22:19:51.121+07:00 DEBUG 17116 --- [PetShop_BE1] [http-nio-9998-exec-1] o.s.web.servlet.DispatcherServlet        : Detected org.springframework.web.servlet.support.SessionFlashMapManager@14efac91
2024-11-30T22:19:51.121+07:00 DEBUG 17116 --- [PetShop_BE1] [http-nio-9998-exec-1] o.s.web.servlet.DispatcherServlet        : enableLoggingRequestDetails='false': request parameters and headers will be masked to prevent unsafe logging of potentially sensitive data
2024-11-30T22:19:51.121+07:00  INFO 17116 --- [PetShop_BE1] [http-nio-9998-exec-1] o.s.web.servlet.DispatcherServlet        : Completed initialization in 2 ms
2024-11-30T22:19:51.129+07:00 DEBUG 17116 --- [PetShop_BE1] [http-nio-9998-exec-1] o.s.web.servlet.DispatcherServlet        : POST "/api/register", parameters={}
2024-11-30T22:19:51.140+07:00 DEBUG 17116 --- [PetShop_BE1] [http-nio-9998-exec-1] s.w.s.m.m.a.RequestMappingHandlerMapping : Mapped to iuh.fit.se.controller.AuthController#register(RegisterDTO, BindingResult)
2024-11-30T22:19:51.201+07:00 DEBUG 17116 --- [PetShop_BE1] [http-nio-9998-exec-1] m.m.a.RequestResponseBodyMethodProcessor : Read "application/json;charset=UTF-8" to [iuh.fit.se.dtos.RegisterDTO@46b00b7c]
2024-11-30T22:19:51.380+07:00 DEBUG 17116 --- [PetShop_BE1] [http-nio-9998-exec-1] o.s.w.s.m.m.a.HttpEntityMethodProcessor  : Using 'application/json', given [application/json] and supported [application/json, application/*+json, application/yaml]
2024-11-30T22:19:51.381+07:00 DEBUG 17116 --- [PetShop_BE1] [http-nio-9998-exec-1] o.s.w.s.m.m.a.HttpEntityMethodProcessor  : Writing [{status=200, data=iuh.fit.se.entities.User@60654f83}]
2024-11-30T22:19:51.402+07:00 DEBUG 17116 --- [PetShop_BE1] [http-nio-9998-exec-1] o.s.web.servlet.DispatcherServlet        : Completed 200 OK
2024-11-30T22:27:16.918+07:00  INFO 17116 --- [PetShop_BE1] [File Watcher] rtingClassPathChangeChangedEventListener : Restarting due to 1 class path change (0 additions, 0 deletions, 1 modification)
2024-11-30T22:27:16.944+07:00  INFO 17116 --- [PetShop_BE1] [Thread-1] o.s.b.w.e.tomcat.GracefulShutdown        : Commencing graceful shutdown. Waiting for active requests to complete
2024-11-30T22:27:17.023+07:00  INFO 17116 --- [PetShop_BE1] [tomcat-shutdown] o.s.b.w.e.tomcat.GracefulShutdown        : Graceful shutdown complete
2024-11-30T22:27:17.035+07:00  INFO 17116 --- [PetShop_BE1] [Thread-1] j.LocalContainerEntityManagerFactoryBean : Closing JPA EntityManagerFactory for persistence unit 'default'
2024-11-30T22:27:17.049+07:00  INFO 17116 --- [PetShop_BE1] [Thread-1] com.zaxxer.hikari.HikariDataSource       : HikariPool-1 - Shutdown initiated...
2024-11-30T22:27:17.057+07:00  INFO 17116 --- [PetShop_BE1] [Thread-1] com.zaxxer.hikari.HikariDataSource       : HikariPool-1 - Shutdown completed.
2024-11-30T22:27:17.201+07:00  INFO 17116 --- [PetShop_BE1] [restartedMain] iuh.fit.se.PetShopBe1Application         : Starting PetShopBe1Application using Java 17.0.12 with PID 17116 (D:\JAVA\www\spring\project\SubProject_WWW_JAVA\PetShop_BE1\target\classes started by Nghiem in D:\JAVA\www\spring\project\SubProject_WWW_JAVA\PetShop_BE1)
2024-11-30T22:27:17.201+07:00  INFO 17116 --- [PetShop_BE1] [restartedMain] iuh.fit.se.PetShopBe1Application         : No active profile set, falling back to 1 default profile: "default"
2024-11-30T22:27:17.424+07:00  INFO 17116 --- [PetShop_BE1] [restartedMain] .s.d.r.c.RepositoryConfigurationDelegate : Bootstrapping Spring Data JPA repositories in DEFAULT mode.
2024-11-30T22:27:17.438+07:00  INFO 17116 --- [PetShop_BE1] [restartedMain] .s.d.r.c.RepositoryConfigurationDelegate : Finished Spring Data repository scanning in 12 ms. Found 4 JPA repository interfaces.
2024-11-30T22:27:17.511+07:00  WARN 17116 --- [PetShop_BE1] [restartedMain] trationDelegate$BeanPostProcessorChecker : Bean 'org.springframework.ws.config.annotation.DelegatingWsConfiguration' of type [org.springframework.ws.config.annotation.DelegatingWsConfiguration$$SpringCGLIB$$0] is not eligible for getting processed by all BeanPostProcessors (for example: not eligible for auto-proxying). The currently created BeanPostProcessor [annotationActionEndpointMapping] is declared through a non-static factory method on that class; consider declaring it as static instead.
2024-11-30T22:27:17.513+07:00  INFO 17116 --- [PetShop_BE1] [restartedMain] .w.s.a.s.AnnotationActionEndpointMapping : Supporting [WS-Addressing August 2004, WS-Addressing 1.0]
2024-11-30T22:27:17.549+07:00  INFO 17116 --- [PetShop_BE1] [restartedMain] o.s.b.w.embedded.tomcat.TomcatWebServer  : Tomcat initialized with port 9998 (http)
2024-11-30T22:27:17.550+07:00  INFO 17116 --- [PetShop_BE1] [restartedMain] o.apache.catalina.core.StandardService   : Starting service [Tomcat]
2024-11-30T22:27:17.550+07:00  INFO 17116 --- [PetShop_BE1] [restartedMain] o.apache.catalina.core.StandardEngine    : Starting Servlet engine: [Apache Tomcat/10.1.33]
2024-11-30T22:27:17.568+07:00  INFO 17116 --- [PetShop_BE1] [restartedMain] o.a.c.c.C.[Tomcat].[localhost].[/api]    : Initializing Spring embedded WebApplicationContext
2024-11-30T22:27:17.569+07:00  INFO 17116 --- [PetShop_BE1] [restartedMain] w.s.c.ServletWebServerApplicationContext : Root WebApplicationContext: initialization completed in 366 ms
2024-11-30T22:27:17.608+07:00  INFO 17116 --- [PetShop_BE1] [restartedMain] o.s.o.j.p.SpringPersistenceUnitInfo      : No LoadTimeWeaver setup: ignoring JPA class transformer
2024-11-30T22:27:17.610+07:00  INFO 17116 --- [PetShop_BE1] [restartedMain] com.zaxxer.hikari.HikariDataSource       : HikariPool-2 - Starting...
2024-11-30T22:27:17.613+07:00  INFO 17116 --- [PetShop_BE1] [restartedMain] com.zaxxer.hikari.pool.HikariPool        : HikariPool-2 - Added connection org.mariadb.jdbc.Connection@23fec674
2024-11-30T22:27:17.614+07:00  INFO 17116 --- [PetShop_BE1] [restartedMain] com.zaxxer.hikari.HikariDataSource       : HikariPool-2 - Start completed.
2024-11-30T22:27:17.757+07:00  INFO 17116 --- [PetShop_BE1] [restartedMain] j.LocalContainerEntityManagerFactoryBean : Initialized JPA EntityManagerFactory for persistence unit 'default'
2024-11-30T22:27:17.867+07:00  WARN 17116 --- [PetShop_BE1] [restartedMain] JpaBaseConfiguration$JpaWebConfiguration : spring.jpa.open-in-view is enabled by default. Therefore, database queries may be performed during view rendering. Explicitly configure spring.jpa.open-in-view to disable this warning
2024-11-30T22:27:17.941+07:00 DEBUG 17116 --- [PetShop_BE1] [restartedMain] s.w.s.m.m.a.RequestMappingHandlerMapping : 23 mappings in 'requestMappingHandlerMapping'
2024-11-30T22:27:17.969+07:00 DEBUG 17116 --- [PetShop_BE1] [restartedMain] o.s.w.s.handler.SimpleUrlHandlerMapping  : Patterns [/webjars/**, /**, /swagger-ui*/*swagger-initializer.js, /swagger-ui*/**, /api/explorer/**] in 'resourceHandlerMapping'
2024-11-30T22:27:17.979+07:00 DEBUG 17116 --- [PetShop_BE1] [restartedMain] s.w.s.m.m.a.RequestMappingHandlerAdapter : ControllerAdvice beans: 0 @ModelAttribute, 0 @InitBinder, 1 RequestBodyAdvice, 1 ResponseBodyAdvice
2024-11-30T22:27:17.988+07:00 DEBUG 17116 --- [PetShop_BE1] [restartedMain] .m.m.a.ExceptionHandlerExceptionResolver : ControllerAdvice beans: 2 @ExceptionHandler, 1 ResponseBodyAdvice
2024-11-30T22:27:18.003+07:00 DEBUG 17116 --- [PetShop_BE1] [restartedMain] .m.m.a.ExceptionHandlerExceptionResolver : ControllerAdvice beans: 2 @ExceptionHandler, 0 ResponseBodyAdvice
2024-11-30T22:27:18.111+07:00  WARN 17116 --- [PetShop_BE1] [restartedMain] o.s.b.d.a.OptionalLiveReloadServer       : Unable to start LiveReload server
2024-11-30T22:27:18.125+07:00  INFO 17116 --- [PetShop_BE1] [restartedMain] o.s.b.w.embedded.tomcat.TomcatWebServer  : Tomcat started on port 9998 (http) with context path '/api'
2024-11-30T22:27:18.129+07:00  INFO 17116 --- [PetShop_BE1] [restartedMain] iuh.fit.se.PetShopBe1Application         : Started PetShopBe1Application in 0.975 seconds (process running for 518.695)
2024-11-30T22:27:18.131+07:00  INFO 17116 --- [PetShop_BE1] [restartedMain] .ConditionEvaluationDeltaLoggingListener : Condition evaluation unchanged
2024-11-30T22:28:06.293+07:00  INFO 17116 --- [PetShop_BE1] [RMI TCP Connection(21)-127.0.0.1] inMXBeanRegistrar$SpringApplicationAdmin : Application shutdown requested.
2024-11-30T22:28:06.294+07:00  INFO 17116 --- [PetShop_BE1] [RMI TCP Connection(21)-127.0.0.1] o.s.b.w.e.tomcat.GracefulShutdown        : Commencing graceful shutdown. Waiting for active requests to complete
2024-11-30T22:28:06.372+07:00  INFO 17116 --- [PetShop_BE1] [tomcat-shutdown] o.s.b.w.e.tomcat.GracefulShutdown        : Graceful shutdown complete
2024-11-30T22:28:06.374+07:00  INFO 17116 --- [PetShop_BE1] [RMI TCP Connection(21)-127.0.0.1] j.LocalContainerEntityManagerFactoryBean : Closing JPA EntityManagerFactory for persistence unit 'default'
2024-11-30T22:28:06.375+07:00  INFO 17116 --- [PetShop_BE1] [RMI TCP Connection(21)-127.0.0.1] com.zaxxer.hikari.HikariDataSource       : HikariPool-2 - Shutdown initiated...
2024-11-30T22:28:06.376+07:00  INFO 17116 --- [PetShop_BE1] [RMI TCP Connection(21)-127.0.0.1] com.zaxxer.hikari.HikariDataSource       : HikariPool-2 - Shutdown completed.
2024-11-30T22:28:29.450+07:00  INFO 30204 --- [PetShop_BE1] [restartedMain] iuh.fit.se.PetShopBe1Application         : Starting PetShopBe1Application using Java 17.0.12 with PID 30204 (D:\JAVA\www\spring\project\SubProject_WWW_JAVA\PetShop_BE1\target\classes started by Nghiem in D:\JAVA\www\spring\project\SubProject_WWW_JAVA\PetShop_BE1)
2024-11-30T22:28:29.452+07:00  INFO 30204 --- [PetShop_BE1] [restartedMain] iuh.fit.se.PetShopBe1Application         : No active profile set, falling back to 1 default profile: "default"
2024-11-30T22:28:29.485+07:00  INFO 30204 --- [PetShop_BE1] [restartedMain] .e.DevToolsPropertyDefaultsPostProcessor : Devtools property defaults active! Set 'spring.devtools.add-properties' to 'false' to disable
2024-11-30T22:28:29.485+07:00  INFO 30204 --- [PetShop_BE1] [restartedMain] .e.DevToolsPropertyDefaultsPostProcessor : For additional web related logging consider setting the 'logging.level.web' property to 'DEBUG'
2024-11-30T22:28:30.079+07:00  INFO 30204 --- [PetShop_BE1] [restartedMain] .s.d.r.c.RepositoryConfigurationDelegate : Bootstrapping Spring Data JPA repositories in DEFAULT mode.
2024-11-30T22:28:30.125+07:00  INFO 30204 --- [PetShop_BE1] [restartedMain] .s.d.r.c.RepositoryConfigurationDelegate : Finished Spring Data repository scanning in 39 ms. Found 4 JPA repository interfaces.
2024-11-30T22:28:30.362+07:00  WARN 30204 --- [PetShop_BE1] [restartedMain] trationDelegate$BeanPostProcessorChecker : Bean 'org.springframework.ws.config.annotation.DelegatingWsConfiguration' of type [org.springframework.ws.config.annotation.DelegatingWsConfiguration$$SpringCGLIB$$0] is not eligible for getting processed by all BeanPostProcessors (for example: not eligible for auto-proxying). The currently created BeanPostProcessor [annotationActionEndpointMapping] is declared through a non-static factory method on that class; consider declaring it as static instead.
2024-11-30T22:28:30.392+07:00  INFO 30204 --- [PetShop_BE1] [restartedMain] .w.s.a.s.AnnotationActionEndpointMapping : Supporting [WS-Addressing August 2004, WS-Addressing 1.0]
2024-11-30T22:28:30.588+07:00  INFO 30204 --- [PetShop_BE1] [restartedMain] o.s.b.w.embedded.tomcat.TomcatWebServer  : Tomcat initialized with port 9998 (http)
2024-11-30T22:28:30.598+07:00  INFO 30204 --- [PetShop_BE1] [restartedMain] o.apache.catalina.core.StandardService   : Starting service [Tomcat]
2024-11-30T22:28:30.599+07:00  INFO 30204 --- [PetShop_BE1] [restartedMain] o.apache.catalina.core.StandardEngine    : Starting Servlet engine: [Apache Tomcat/10.1.33]
2024-11-30T22:28:30.646+07:00  INFO 30204 --- [PetShop_BE1] [restartedMain] o.a.c.c.C.[Tomcat].[localhost].[/api]    : Initializing Spring embedded WebApplicationContext
2024-11-30T22:28:30.647+07:00  INFO 30204 --- [PetShop_BE1] [restartedMain] w.s.c.ServletWebServerApplicationContext : Root WebApplicationContext: initialization completed in 1161 ms
2024-11-30T22:28:31.110+07:00  INFO 30204 --- [PetShop_BE1] [restartedMain] o.s.o.j.p.SpringPersistenceUnitInfo      : No LoadTimeWeaver setup: ignoring JPA class transformer
2024-11-30T22:28:31.139+07:00  INFO 30204 --- [PetShop_BE1] [restartedMain] com.zaxxer.hikari.HikariDataSource       : HikariPool-1 - Starting...
2024-11-30T22:28:31.212+07:00  INFO 30204 --- [PetShop_BE1] [restartedMain] com.zaxxer.hikari.pool.HikariPool        : HikariPool-1 - Added connection org.mariadb.jdbc.Connection@1392cbd5
2024-11-30T22:28:31.215+07:00  INFO 30204 --- [PetShop_BE1] [restartedMain] com.zaxxer.hikari.HikariDataSource       : HikariPool-1 - Start completed.
2024-11-30T22:28:32.199+07:00  INFO 30204 --- [PetShop_BE1] [restartedMain] j.LocalContainerEntityManagerFactoryBean : Initialized JPA EntityManagerFactory for persistence unit 'default'
2024-11-30T22:28:32.678+07:00  WARN 30204 --- [PetShop_BE1] [restartedMain] JpaBaseConfiguration$JpaWebConfiguration : spring.jpa.open-in-view is enabled by default. Therefore, database queries may be performed during view rendering. Explicitly configure spring.jpa.open-in-view to disable this warning
2024-11-30T22:28:32.873+07:00 DEBUG 30204 --- [PetShop_BE1] [restartedMain] s.w.s.m.m.a.RequestMappingHandlerMapping : 23 mappings in 'requestMappingHandlerMapping'
2024-11-30T22:28:32.964+07:00 DEBUG 30204 --- [PetShop_BE1] [restartedMain] o.s.w.s.handler.SimpleUrlHandlerMapping  : Patterns [/webjars/**, /**, /swagger-ui*/*swagger-initializer.js, /swagger-ui*/**, /api/explorer/**] in 'resourceHandlerMapping'
2024-11-30T22:28:32.994+07:00 DEBUG 30204 --- [PetShop_BE1] [restartedMain] s.w.s.m.m.a.RequestMappingHandlerAdapter : ControllerAdvice beans: 0 @ModelAttribute, 0 @InitBinder, 1 RequestBodyAdvice, 1 ResponseBodyAdvice
2024-11-30T22:28:33.035+07:00 DEBUG 30204 --- [PetShop_BE1] [restartedMain] .m.m.a.ExceptionHandlerExceptionResolver : ControllerAdvice beans: 2 @ExceptionHandler, 1 ResponseBodyAdvice
2024-11-30T22:28:33.060+07:00 DEBUG 30204 --- [PetShop_BE1] [restartedMain] .m.m.a.ExceptionHandlerExceptionResolver : ControllerAdvice beans: 2 @ExceptionHandler, 0 ResponseBodyAdvice
2024-11-30T22:28:33.268+07:00  WARN 30204 --- [PetShop_BE1] [restartedMain] o.s.b.d.a.OptionalLiveReloadServer       : Unable to start LiveReload server
2024-11-30T22:28:33.304+07:00  INFO 30204 --- [PetShop_BE1] [restartedMain] o.s.b.w.embedded.tomcat.TomcatWebServer  : Tomcat started on port 9998 (http) with context path '/api'
2024-11-30T22:28:33.314+07:00  INFO 30204 --- [PetShop_BE1] [restartedMain] iuh.fit.se.PetShopBe1Application         : Started PetShopBe1Application in 4.221 seconds (process running for 4.723)
2024-11-30T22:28:58.152+07:00  INFO 30204 --- [PetShop_BE1] [http-nio-9998-exec-5] o.a.c.c.C.[Tomcat].[localhost].[/api]    : Initializing Spring DispatcherServlet 'dispatcherServlet'
2024-11-30T22:28:58.152+07:00  INFO 30204 --- [PetShop_BE1] [http-nio-9998-exec-5] o.s.web.servlet.DispatcherServlet        : Initializing Servlet 'dispatcherServlet'
2024-11-30T22:28:58.153+07:00 DEBUG 30204 --- [PetShop_BE1] [http-nio-9998-exec-5] o.s.web.servlet.DispatcherServlet        : Detected StandardServletMultipartResolver
2024-11-30T22:28:58.153+07:00 DEBUG 30204 --- [PetShop_BE1] [http-nio-9998-exec-5] o.s.web.servlet.DispatcherServlet        : Detected AcceptHeaderLocaleResolver
2024-11-30T22:28:58.153+07:00 DEBUG 30204 --- [PetShop_BE1] [http-nio-9998-exec-5] o.s.web.servlet.DispatcherServlet        : Detected FixedThemeResolver
2024-11-30T22:28:58.154+07:00 DEBUG 30204 --- [PetShop_BE1] [http-nio-9998-exec-5] o.s.web.servlet.DispatcherServlet        : Detected org.springframework.web.servlet.view.DefaultRequestToViewNameTranslator@4e16f6fa
2024-11-30T22:28:58.154+07:00 DEBUG 30204 --- [PetShop_BE1] [http-nio-9998-exec-5] o.s.web.servlet.DispatcherServlet        : Detected org.springframework.web.servlet.support.SessionFlashMapManager@60f9d7f1
2024-11-30T22:28:58.155+07:00 DEBUG 30204 --- [PetShop_BE1] [http-nio-9998-exec-5] o.s.web.servlet.DispatcherServlet        : enableLoggingRequestDetails='false': request parameters and headers will be masked to prevent unsafe logging of potentially sensitive data
2024-11-30T22:28:58.155+07:00  INFO 30204 --- [PetShop_BE1] [http-nio-9998-exec-5] o.s.web.servlet.DispatcherServlet        : Completed initialization in 2 ms
2024-11-30T22:28:58.163+07:00 DEBUG 30204 --- [PetShop_BE1] [http-nio-9998-exec-5] o.s.web.servlet.DispatcherServlet        : GET "/api/products", parameters={}
2024-11-30T22:28:58.172+07:00 DEBUG 30204 --- [PetShop_BE1] [http-nio-9998-exec-5] s.w.s.m.m.a.RequestMappingHandlerMapping : Mapped to iuh.fit.se.controller.ProductController#getAllProducts()
2024-11-30T22:28:58.330+07:00 DEBUG 30204 --- [PetShop_BE1] [http-nio-9998-exec-5] m.m.a.RequestResponseBodyMethodProcessor : Using 'application/json;q=0.8', given [text/html, application/xhtml+xml, image/avif, image/webp, image/apng, application/xml;q=0.9, */*;q=0.8, application/signed-exchange;v=b3;q=0.7] and supported [application/json, application/*+json, application/yaml]
2024-11-30T22:28:58.332+07:00 DEBUG 30204 --- [PetShop_BE1] [http-nio-9998-exec-5] m.m.a.RequestResponseBodyMethodProcessor : Writing [[]]
2024-11-30T22:28:58.344+07:00 DEBUG 30204 --- [PetShop_BE1] [http-nio-9998-exec-5] o.s.web.servlet.DispatcherServlet        : Completed 200 OK
2024-11-30T22:33:56.025+07:00 DEBUG 30204 --- [PetShop_BE1] [http-nio-9998-exec-10] o.s.web.servlet.DispatcherServlet        : GET "/api/categories", parameters={}
2024-11-30T22:33:56.053+07:00 DEBUG 30204 --- [PetShop_BE1] [http-nio-9998-exec-10] s.w.s.m.m.a.RequestMappingHandlerMapping : Mapped to iuh.fit.se.controller.CategoryController#getAllCategories()
2024-11-30T22:33:56.171+07:00 DEBUG 30204 --- [PetShop_BE1] [http-nio-9998-exec-10] m.m.a.RequestResponseBodyMethodProcessor : Using 'application/json', given [*/*] and supported [application/json, application/*+json, application/yaml]
2024-11-30T22:33:56.172+07:00 DEBUG 30204 --- [PetShop_BE1] [http-nio-9998-exec-10] m.m.a.RequestResponseBodyMethodProcessor : Writing [[]]
2024-11-30T22:33:56.179+07:00 DEBUG 30204 --- [PetShop_BE1] [http-nio-9998-exec-10] o.s.web.servlet.DispatcherServlet        : Completed 200 OK
2024-11-30T22:34:08.074+07:00 DEBUG 30204 --- [PetShop_BE1] [http-nio-9998-exec-1] o.s.web.servlet.DispatcherServlet        : GET "/api/categories", parameters={}
2024-11-30T22:34:08.074+07:00 DEBUG 30204 --- [PetShop_BE1] [http-nio-9998-exec-1] s.w.s.m.m.a.RequestMappingHandlerMapping : Mapped to iuh.fit.se.controller.CategoryController#getAllCategories()
2024-11-30T22:34:08.078+07:00 DEBUG 30204 --- [PetShop_BE1] [http-nio-9998-exec-1] m.m.a.RequestResponseBodyMethodProcessor : Using 'application/json', given [*/*] and supported [application/json, application/*+json, application/yaml]
2024-11-30T22:34:08.078+07:00 DEBUG 30204 --- [PetShop_BE1] [http-nio-9998-exec-1] m.m.a.RequestResponseBodyMethodProcessor : Writing [[]]
2024-11-30T22:34:08.081+07:00 DEBUG 30204 --- [PetShop_BE1] [http-nio-9998-exec-1] o.s.web.servlet.DispatcherServlet        : Completed 200 OK
2024-11-30T22:34:20.789+07:00 DEBUG 30204 --- [PetShop_BE1] [http-nio-9998-exec-2] o.s.web.servlet.DispatcherServlet        : OPTIONS "/api/categories", parameters={}
2024-11-30T22:34:20.789+07:00 DEBUG 30204 --- [PetShop_BE1] [http-nio-9998-exec-2] s.w.s.m.m.a.RequestMappingHandlerMapping : Mapped to iuh.fit.se.controller.CategoryController#createCategory(Category)
2024-11-30T22:34:20.792+07:00 DEBUG 30204 --- [PetShop_BE1] [http-nio-9998-exec-2] o.s.web.servlet.DispatcherServlet        : Completed 200 OK
2024-11-30T22:34:20.813+07:00 DEBUG 30204 --- [PetShop_BE1] [http-nio-9998-exec-3] o.s.web.servlet.DispatcherServlet        : POST "/api/categories", parameters={}
2024-11-30T22:34:20.813+07:00 DEBUG 30204 --- [PetShop_BE1] [http-nio-9998-exec-3] s.w.s.m.m.a.RequestMappingHandlerMapping : Mapped to iuh.fit.se.controller.CategoryController#createCategory(Category)
2024-11-30T22:34:20.878+07:00 DEBUG 30204 --- [PetShop_BE1] [http-nio-9998-exec-3] m.m.a.RequestResponseBodyMethodProcessor : Read "application/json;charset=UTF-8" to [iuh.fit.se.entities.Category@7a0f5c79]
2024-11-30T22:34:20.963+07:00 DEBUG 30204 --- [PetShop_BE1] [http-nio-9998-exec-3] m.m.a.RequestResponseBodyMethodProcessor : Using 'application/json', given [*/*] and supported [application/json, application/*+json, application/yaml]
2024-11-30T22:34:20.963+07:00 DEBUG 30204 --- [PetShop_BE1] [http-nio-9998-exec-3] m.m.a.RequestResponseBodyMethodProcessor : Writing [iuh.fit.se.entities.Category@7a0f5c79]
2024-11-30T22:34:20.965+07:00 DEBUG 30204 --- [PetShop_BE1] [http-nio-9998-exec-3] o.s.web.servlet.DispatcherServlet        : Completed 200 OK
2024-11-30T22:34:22.490+07:00 DEBUG 30204 --- [PetShop_BE1] [http-nio-9998-exec-4] o.s.web.servlet.DispatcherServlet        : GET "/api/categories", parameters={}
2024-11-30T22:34:22.491+07:00 DEBUG 30204 --- [PetShop_BE1] [http-nio-9998-exec-4] s.w.s.m.m.a.RequestMappingHandlerMapping : Mapped to iuh.fit.se.controller.CategoryController#getAllCategories()
2024-11-30T22:34:22.498+07:00 DEBUG 30204 --- [PetShop_BE1] [http-nio-9998-exec-4] m.m.a.RequestResponseBodyMethodProcessor : Using 'application/json', given [*/*] and supported [application/json, application/*+json, application/yaml]
2024-11-30T22:34:22.498+07:00 DEBUG 30204 --- [PetShop_BE1] [http-nio-9998-exec-4] m.m.a.RequestResponseBodyMethodProcessor : Writing [[iuh.fit.se.entities.Category@2317b78c]]
2024-11-30T22:34:22.500+07:00 DEBUG 30204 --- [PetShop_BE1] [http-nio-9998-exec-4] o.s.web.servlet.DispatcherServlet        : Completed 200 OK
2024-11-30T22:34:29.109+07:00 DEBUG 30204 --- [PetShop_BE1] [http-nio-9998-exec-5] o.s.web.servlet.DispatcherServlet        : POST "/api/categories", parameters={}
2024-11-30T22:34:29.109+07:00 DEBUG 30204 --- [PetShop_BE1] [http-nio-9998-exec-5] s.w.s.m.m.a.RequestMappingHandlerMapping : Mapped to iuh.fit.se.controller.CategoryController#createCategory(Category)
2024-11-30T22:34:29.110+07:00 DEBUG 30204 --- [PetShop_BE1] [http-nio-9998-exec-5] m.m.a.RequestResponseBodyMethodProcessor : Read "application/json;charset=UTF-8" to [iuh.fit.se.entities.Category@6add15e4]
2024-11-30T22:34:29.118+07:00 DEBUG 30204 --- [PetShop_BE1] [http-nio-9998-exec-5] m.m.a.RequestResponseBodyMethodProcessor : Using 'application/json', given [*/*] and supported [application/json, application/*+json, application/yaml]
2024-11-30T22:34:29.118+07:00 DEBUG 30204 --- [PetShop_BE1] [http-nio-9998-exec-5] m.m.a.RequestResponseBodyMethodProcessor : Writing [iuh.fit.se.entities.Category@6add15e4]
2024-11-30T22:34:29.119+07:00 DEBUG 30204 --- [PetShop_BE1] [http-nio-9998-exec-5] o.s.web.servlet.DispatcherServlet        : Completed 200 OK
2024-11-30T22:34:30.733+07:00 DEBUG 30204 --- [PetShop_BE1] [http-nio-9998-exec-6] o.s.web.servlet.DispatcherServlet        : GET "/api/categories", parameters={}
2024-11-30T22:34:30.734+07:00 DEBUG 30204 --- [PetShop_BE1] [http-nio-9998-exec-6] s.w.s.m.m.a.RequestMappingHandlerMapping : Mapped to iuh.fit.se.controller.CategoryController#getAllCategories()
2024-11-30T22:34:30.739+07:00 DEBUG 30204 --- [PetShop_BE1] [http-nio-9998-exec-6] m.m.a.RequestResponseBodyMethodProcessor : Using 'application/json', given [*/*] and supported [application/json, application/*+json, application/yaml]
2024-11-30T22:34:30.739+07:00 DEBUG 30204 --- [PetShop_BE1] [http-nio-9998-exec-6] m.m.a.RequestResponseBodyMethodProcessor : Writing [[iuh.fit.se.entities.Category@51cc254d, iuh.fit.se.entities.Category@5ac0a831]]
2024-11-30T22:34:30.741+07:00 DEBUG 30204 --- [PetShop_BE1] [http-nio-9998-exec-6] o.s.web.servlet.DispatcherServlet        : Completed 200 OK
2024-11-30T22:34:35.935+07:00 DEBUG 30204 --- [PetShop_BE1] [http-nio-9998-exec-7] o.s.web.servlet.DispatcherServlet        : GET "/api/products", parameters={}
2024-11-30T22:34:35.936+07:00 DEBUG 30204 --- [PetShop_BE1] [http-nio-9998-exec-7] s.w.s.m.m.a.RequestMappingHandlerMapping : Mapped to iuh.fit.se.controller.ProductController#getAllProducts()
2024-11-30T22:34:35.942+07:00 DEBUG 30204 --- [PetShop_BE1] [http-nio-9998-exec-7] m.m.a.RequestResponseBodyMethodProcessor : Using 'application/json', given [*/*] and supported [application/json, application/*+json, application/yaml]
2024-11-30T22:34:35.943+07:00 DEBUG 30204 --- [PetShop_BE1] [http-nio-9998-exec-7] m.m.a.RequestResponseBodyMethodProcessor : Writing [[]]
2024-11-30T22:34:35.943+07:00 DEBUG 30204 --- [PetShop_BE1] [http-nio-9998-exec-7] o.s.web.servlet.DispatcherServlet        : Completed 200 OK
2024-11-30T22:34:37.616+07:00 DEBUG 30204 --- [PetShop_BE1] [http-nio-9998-exec-8] o.s.web.servlet.DispatcherServlet        : GET "/api/categories", parameters={}
2024-11-30T22:34:37.616+07:00 DEBUG 30204 --- [PetShop_BE1] [http-nio-9998-exec-8] s.w.s.m.m.a.RequestMappingHandlerMapping : Mapped to iuh.fit.se.controller.CategoryController#getAllCategories()
2024-11-30T22:34:37.620+07:00 DEBUG 30204 --- [PetShop_BE1] [http-nio-9998-exec-8] m.m.a.RequestResponseBodyMethodProcessor : Using 'application/json', given [*/*] and supported [application/json, application/*+json, application/yaml]
2024-11-30T22:34:37.621+07:00 DEBUG 30204 --- [PetShop_BE1] [http-nio-9998-exec-8] m.m.a.RequestResponseBodyMethodProcessor : Writing [[iuh.fit.se.entities.Category@bc566a3, iuh.fit.se.entities.Category@63dea01a]]
2024-11-30T22:34:37.622+07:00 DEBUG 30204 --- [PetShop_BE1] [http-nio-9998-exec-8] o.s.web.servlet.DispatcherServlet        : Completed 200 OK
2024-11-30T22:35:00.348+07:00 DEBUG 30204 --- [PetShop_BE1] [http-nio-9998-exec-9] o.s.web.servlet.DispatcherServlet        : POST "/api/products", parameters={multipart}
2024-11-30T22:35:00.355+07:00  WARN 30204 --- [PetShop_BE1] [http-nio-9998-exec-9] org.apache.catalina.connector.Request    : Creating the temporary upload location [C:\Users\Nghiem\AppData\Local\Temp\tomcat.9998.13780951711424222631\work\Tomcat\localhost\api] as it is required by the servlet [dispatcherServlet]
2024-11-30T22:35:00.412+07:00 DEBUG 30204 --- [PetShop_BE1] [http-nio-9998-exec-9] s.w.s.m.m.a.RequestMappingHandlerMapping : Mapped to iuh.fit.se.controller.ProductController#createProduct(String, double, double, String, String, String, int, Long, List)
2024-11-30T22:35:00.504+07:00 DEBUG 30204 --- [PetShop_BE1] [http-nio-9998-exec-9] m.m.a.RequestResponseBodyMethodProcessor : Using 'application/json', given [*/*] and supported [application/json, application/*+json, application/yaml]
2024-11-30T22:35:00.512+07:00 DEBUG 30204 --- [PetShop_BE1] [http-nio-9998-exec-9] m.m.a.RequestResponseBodyMethodProcessor : Writing [Product [id=1, name=aaaaaa, oldPrice=111.0, newPrice=22.0, description=dsf, size=22, color=22, quant (truncated)...]
2024-11-30T22:35:00.524+07:00 DEBUG 30204 --- [PetShop_BE1] [http-nio-9998-exec-9] o.s.web.servlet.DispatcherServlet        : Completed 200 OK
2024-11-30T22:35:02.407+07:00 DEBUG 30204 --- [PetShop_BE1] [http-nio-9998-exec-10] o.s.web.servlet.DispatcherServlet        : GET "/api/products", parameters={}
2024-11-30T22:35:02.407+07:00 DEBUG 30204 --- [PetShop_BE1] [http-nio-9998-exec-10] s.w.s.m.m.a.RequestMappingHandlerMapping : Mapped to iuh.fit.se.controller.ProductController#getAllProducts()
2024-11-30T22:35:02.417+07:00 DEBUG 30204 --- [PetShop_BE1] [http-nio-9998-exec-10] m.m.a.RequestResponseBodyMethodProcessor : Using 'application/json', given [*/*] and supported [application/json, application/*+json, application/yaml]
2024-11-30T22:35:02.423+07:00 DEBUG 30204 --- [PetShop_BE1] [http-nio-9998-exec-10] m.m.a.RequestResponseBodyMethodProcessor : Writing [[Product [id=1, name=aaaaaa, oldPrice=111.0, newPrice=22.0, description=dsf, size=22, color=22, quan (truncated)...]
2024-11-30T22:35:02.424+07:00 DEBUG 30204 --- [PetShop_BE1] [http-nio-9998-exec-10] o.s.web.servlet.DispatcherServlet        : Completed 200 OK
2024-11-30T22:35:03.243+07:00 DEBUG 30204 --- [PetShop_BE1] [http-nio-9998-exec-2] o.s.web.servlet.DispatcherServlet        : GET "/api/assets/upload/images/64899e2f-d0cc-4930-84bc-87f6fe57986a.png", parameters={}
2024-11-30T22:35:03.252+07:00 DEBUG 30204 --- [PetShop_BE1] [http-nio-9998-exec-2] o.s.w.s.handler.SimpleUrlHandlerMapping  : Mapped to ResourceHttpRequestHandler [classpath [META-INF/resources/], classpath [resources/], classpath [static/], classpath [public/], ServletContext [/]]
2024-11-30T22:35:03.255+07:00 DEBUG 30204 --- [PetShop_BE1] [http-nio-9998-exec-2] o.s.w.s.r.ResourceHttpRequestHandler     : Resource not found
2024-11-30T22:35:03.258+07:00 DEBUG 30204 --- [PetShop_BE1] [http-nio-9998-exec-2] .w.s.m.s.DefaultHandlerExceptionResolver : Resolved [org.springframework.web.servlet.resource.NoResourceFoundException: No static resource assets/upload/images/64899e2f-d0cc-4930-84bc-87f6fe57986a.png.]
2024-11-30T22:35:03.258+07:00 DEBUG 30204 --- [PetShop_BE1] [http-nio-9998-exec-2] o.s.web.servlet.DispatcherServlet        : Completed 404 NOT_FOUND
2024-11-30T22:35:03.265+07:00 DEBUG 30204 --- [PetShop_BE1] [http-nio-9998-exec-2] o.s.web.servlet.DispatcherServlet        : "ERROR" dispatch for GET "/api/error", parameters={}
2024-11-30T22:35:03.267+07:00 DEBUG 30204 --- [PetShop_BE1] [http-nio-9998-exec-2] s.w.s.m.m.a.RequestMappingHandlerMapping : Mapped to org.springframework.boot.autoconfigure.web.servlet.error.BasicErrorController#error(HttpServletRequest)
2024-11-30T22:35:03.275+07:00 DEBUG 30204 --- [PetShop_BE1] [http-nio-9998-exec-2] o.s.w.s.m.m.a.HttpEntityMethodProcessor  : Using 'application/json;q=0.8', given [image/avif, image/webp, image/apng, image/svg+xml, image/*, */*;q=0.8] and supported [application/json, application/*+json, application/yaml]
2024-11-30T22:35:03.277+07:00 DEBUG 30204 --- [PetShop_BE1] [http-nio-9998-exec-2] o.s.w.s.m.m.a.HttpEntityMethodProcessor  : Writing [{timestamp=Sat Nov 30 22:35:03 ICT 2024, status=404, error=Not Found, trace=org.springframework.web. (truncated)...]
2024-11-30T22:35:03.286+07:00 DEBUG 30204 --- [PetShop_BE1] [http-nio-9998-exec-2] o.s.web.servlet.DispatcherServlet        : Exiting from "ERROR" dispatch, status 404
2024-11-30T22:35:05.556+07:00 DEBUG 30204 --- [PetShop_BE1] [http-nio-9998-exec-3] o.s.web.servlet.DispatcherServlet        : GET "/api/products", parameters={}
2024-11-30T22:35:05.556+07:00 DEBUG 30204 --- [PetShop_BE1] [http-nio-9998-exec-3] s.w.s.m.m.a.RequestMappingHandlerMapping : Mapped to iuh.fit.se.controller.ProductController#getAllProducts()
2024-11-30T22:35:05.561+07:00 DEBUG 30204 --- [PetShop_BE1] [http-nio-9998-exec-3] m.m.a.RequestResponseBodyMethodProcessor : Using 'application/json', given [*/*] and supported [application/json, application/*+json, application/yaml]
2024-11-30T22:35:05.562+07:00 DEBUG 30204 --- [PetShop_BE1] [http-nio-9998-exec-3] m.m.a.RequestResponseBodyMethodProcessor : Writing [[Product [id=1, name=aaaaaa, oldPrice=111.0, newPrice=22.0, description=dsf, size=22, color=22, quan (truncated)...]
2024-11-30T22:35:05.563+07:00 DEBUG 30204 --- [PetShop_BE1] [http-nio-9998-exec-3] o.s.web.servlet.DispatcherServlet        : Completed 200 OK
2024-11-30T22:35:06.366+07:00 DEBUG 30204 --- [PetShop_BE1] [http-nio-9998-exec-4] o.s.web.servlet.DispatcherServlet        : GET "/api/assets/upload/images/64899e2f-d0cc-4930-84bc-87f6fe57986a.png", parameters={}
2024-11-30T22:35:06.368+07:00 DEBUG 30204 --- [PetShop_BE1] [http-nio-9998-exec-4] o.s.w.s.handler.SimpleUrlHandlerMapping  : Mapped to ResourceHttpRequestHandler [classpath [META-INF/resources/], classpath [resources/], classpath [static/], classpath [public/], ServletContext [/]]
2024-11-30T22:35:06.369+07:00 DEBUG 30204 --- [PetShop_BE1] [http-nio-9998-exec-4] o.s.w.s.r.ResourceHttpRequestHandler     : Resource not found
2024-11-30T22:35:06.372+07:00 DEBUG 30204 --- [PetShop_BE1] [http-nio-9998-exec-4] .w.s.m.s.DefaultHandlerExceptionResolver : Resolved [org.springframework.web.servlet.resource.NoResourceFoundException: No static resource assets/upload/images/64899e2f-d0cc-4930-84bc-87f6fe57986a.png.]
2024-11-30T22:35:06.372+07:00 DEBUG 30204 --- [PetShop_BE1] [http-nio-9998-exec-4] o.s.web.servlet.DispatcherServlet        : Completed 404 NOT_FOUND
2024-11-30T22:35:06.373+07:00 DEBUG 30204 --- [PetShop_BE1] [http-nio-9998-exec-4] o.s.web.servlet.DispatcherServlet        : "ERROR" dispatch for GET "/api/error", parameters={}
2024-11-30T22:35:06.373+07:00 DEBUG 30204 --- [PetShop_BE1] [http-nio-9998-exec-4] s.w.s.m.m.a.RequestMappingHandlerMapping : Mapped to org.springframework.boot.autoconfigure.web.servlet.error.BasicErrorController#error(HttpServletRequest)
2024-11-30T22:35:06.375+07:00 DEBUG 30204 --- [PetShop_BE1] [http-nio-9998-exec-4] o.s.w.s.m.m.a.HttpEntityMethodProcessor  : Using 'application/json;q=0.8', given [image/avif, image/webp, image/apng, image/svg+xml, image/*, */*;q=0.8] and supported [application/json, application/*+json, application/yaml]
2024-11-30T22:35:06.375+07:00 DEBUG 30204 --- [PetShop_BE1] [http-nio-9998-exec-4] o.s.w.s.m.m.a.HttpEntityMethodProcessor  : Writing [{timestamp=Sat Nov 30 22:35:06 ICT 2024, status=404, error=Not Found, trace=org.springframework.web. (truncated)...]
2024-11-30T22:35:06.377+07:00 DEBUG 30204 --- [PetShop_BE1] [http-nio-9998-exec-4] o.s.web.servlet.DispatcherServlet        : Exiting from "ERROR" dispatch, status 404
2024-11-30T22:35:07.530+07:00 DEBUG 30204 --- [PetShop_BE1] [http-nio-9998-exec-6] o.s.web.servlet.DispatcherServlet        : GET "/api/categories", parameters={}
2024-11-30T22:35:07.531+07:00 DEBUG 30204 --- [PetShop_BE1] [http-nio-9998-exec-6] s.w.s.m.m.a.RequestMappingHandlerMapping : Mapped to iuh.fit.se.controller.CategoryController#getAllCategories()
2024-11-30T22:35:07.534+07:00 DEBUG 30204 --- [PetShop_BE1] [http-nio-9998-exec-6] m.m.a.RequestResponseBodyMethodProcessor : Using 'application/json', given [*/*] and supported [application/json, application/*+json, application/yaml]
2024-11-30T22:35:07.534+07:00 DEBUG 30204 --- [PetShop_BE1] [http-nio-9998-exec-6] m.m.a.RequestResponseBodyMethodProcessor : Writing [[iuh.fit.se.entities.Category@46cc6d94, iuh.fit.se.entities.Category@590c1e4c]]
2024-11-30T22:35:07.535+07:00 DEBUG 30204 --- [PetShop_BE1] [http-nio-9998-exec-6] o.s.web.servlet.DispatcherServlet        : Completed 200 OK
2024-11-30T22:35:30.920+07:00 DEBUG 30204 --- [PetShop_BE1] [http-nio-9998-exec-8] o.s.web.servlet.DispatcherServlet        : POST "/api/products", parameters={multipart}
2024-11-30T22:35:30.932+07:00 DEBUG 30204 --- [PetShop_BE1] [http-nio-9998-exec-8] s.w.s.m.m.a.RequestMappingHandlerMapping : Mapped to iuh.fit.se.controller.ProductController#createProduct(String, double, double, String, String, String, int, Long, List)
2024-11-30T22:35:30.945+07:00 DEBUG 30204 --- [PetShop_BE1] [http-nio-9998-exec-8] m.m.a.RequestResponseBodyMethodProcessor : Using 'application/json', given [*/*] and supported [application/json, application/*+json, application/yaml]
2024-11-30T22:35:30.945+07:00 DEBUG 30204 --- [PetShop_BE1] [http-nio-9998-exec-8] m.m.a.RequestResponseBodyMethodProcessor : Writing [Product [id=2, name=qqqqqqq, oldPrice=1111.0, newPrice=111.0, description=asdf, size=22, color=22, q (truncated)...]
2024-11-30T22:35:30.949+07:00 DEBUG 30204 --- [PetShop_BE1] [http-nio-9998-exec-8] o.s.web.servlet.DispatcherServlet        : Completed 200 OK
2024-11-30T22:35:32.441+07:00 DEBUG 30204 --- [PetShop_BE1] [http-nio-9998-exec-9] o.s.web.servlet.DispatcherServlet        : GET "/api/products", parameters={}
2024-11-30T22:35:32.441+07:00 DEBUG 30204 --- [PetShop_BE1] [http-nio-9998-exec-9] s.w.s.m.m.a.RequestMappingHandlerMapping : Mapped to iuh.fit.se.controller.ProductController#getAllProducts()
2024-11-30T22:35:32.447+07:00 DEBUG 30204 --- [PetShop_BE1] [http-nio-9998-exec-9] m.m.a.RequestResponseBodyMethodProcessor : Using 'application/json', given [*/*] and supported [application/json, application/*+json, application/yaml]
2024-11-30T22:35:32.448+07:00 DEBUG 30204 --- [PetShop_BE1] [http-nio-9998-exec-9] m.m.a.RequestResponseBodyMethodProcessor : Writing [[Product [id=1, name=aaaaaa, oldPrice=111.0, newPrice=22.0, description=dsf, size=22, color=22, quan (truncated)...]
2024-11-30T22:35:32.449+07:00 DEBUG 30204 --- [PetShop_BE1] [http-nio-9998-exec-9] o.s.web.servlet.DispatcherServlet        : Completed 200 OK
2024-11-30T22:35:33.400+07:00 DEBUG 30204 --- [PetShop_BE1] [http-nio-9998-exec-1] o.s.web.servlet.DispatcherServlet        : GET "/api/assets/upload/images/64899e2f-d0cc-4930-84bc-87f6fe57986a.png", parameters={}
2024-11-30T22:35:33.401+07:00 DEBUG 30204 --- [PetShop_BE1] [http-nio-9998-exec-2] o.s.web.servlet.DispatcherServlet        : GET "/api/assets/upload/images/ca6787a8-5b4f-4441-8b4e-e636be9223f5.png", parameters={}
2024-11-30T22:35:33.401+07:00 DEBUG 30204 --- [PetShop_BE1] [http-nio-9998-exec-1] o.s.w.s.handler.SimpleUrlHandlerMapping  : Mapped to ResourceHttpRequestHandler [classpath [META-INF/resources/], classpath [resources/], classpath [static/], classpath [public/], ServletContext [/]]
2024-11-30T22:35:33.402+07:00 DEBUG 30204 --- [PetShop_BE1] [http-nio-9998-exec-2] o.s.w.s.handler.SimpleUrlHandlerMapping  : Mapped to ResourceHttpRequestHandler [classpath [META-INF/resources/], classpath [resources/], classpath [static/], classpath [public/], ServletContext [/]]
2024-11-30T22:35:33.403+07:00 DEBUG 30204 --- [PetShop_BE1] [http-nio-9998-exec-2] o.s.w.s.r.ResourceHttpRequestHandler     : Resource not found
2024-11-30T22:35:33.403+07:00 DEBUG 30204 --- [PetShop_BE1] [http-nio-9998-exec-1] o.s.w.s.r.ResourceHttpRequestHandler     : Resource not found
2024-11-30T22:35:33.404+07:00 DEBUG 30204 --- [PetShop_BE1] [http-nio-9998-exec-1] .w.s.m.s.DefaultHandlerExceptionResolver : Resolved [org.springframework.web.servlet.resource.NoResourceFoundException: No static resource assets/upload/images/64899e2f-d0cc-4930-84bc-87f6fe57986a.png.]
2024-11-30T22:35:33.404+07:00 DEBUG 30204 --- [PetShop_BE1] [http-nio-9998-exec-2] .w.s.m.s.DefaultHandlerExceptionResolver : Resolved [org.springframework.web.servlet.resource.NoResourceFoundException: No static resource assets/upload/images/ca6787a8-5b4f-4441-8b4e-e636be9223f5.png.]
2024-11-30T22:35:33.404+07:00 DEBUG 30204 --- [PetShop_BE1] [http-nio-9998-exec-1] o.s.web.servlet.DispatcherServlet        : Completed 404 NOT_FOUND
2024-11-30T22:35:33.404+07:00 DEBUG 30204 --- [PetShop_BE1] [http-nio-9998-exec-2] o.s.web.servlet.DispatcherServlet        : Completed 404 NOT_FOUND
2024-11-30T22:35:33.405+07:00 DEBUG 30204 --- [PetShop_BE1] [http-nio-9998-exec-1] o.s.web.servlet.DispatcherServlet        : "ERROR" dispatch for GET "/api/error", parameters={}
2024-11-30T22:35:33.405+07:00 DEBUG 30204 --- [PetShop_BE1] [http-nio-9998-exec-1] s.w.s.m.m.a.RequestMappingHandlerMapping : Mapped to org.springframework.boot.autoconfigure.web.servlet.error.BasicErrorController#error(HttpServletRequest)
2024-11-30T22:35:33.407+07:00 DEBUG 30204 --- [PetShop_BE1] [http-nio-9998-exec-2] o.s.web.servlet.DispatcherServlet        : "ERROR" dispatch for GET "/api/error", parameters={}
2024-11-30T22:35:33.407+07:00 DEBUG 30204 --- [PetShop_BE1] [http-nio-9998-exec-1] o.s.w.s.m.m.a.HttpEntityMethodProcessor  : Using 'application/json;q=0.8', given [image/avif, image/webp, image/apng, image/svg+xml, image/*, */*;q=0.8] and supported [application/json, application/*+json, application/yaml]
2024-11-30T22:35:33.407+07:00 DEBUG 30204 --- [PetShop_BE1] [http-nio-9998-exec-1] o.s.w.s.m.m.a.HttpEntityMethodProcessor  : Writing [{timestamp=Sat Nov 30 22:35:33 ICT 2024, status=404, error=Not Found, trace=org.springframework.web. (truncated)...]
2024-11-30T22:35:33.407+07:00 DEBUG 30204 --- [PetShop_BE1] [http-nio-9998-exec-2] s.w.s.m.m.a.RequestMappingHandlerMapping : Mapped to org.springframework.boot.autoconfigure.web.servlet.error.BasicErrorController#error(HttpServletRequest)
2024-11-30T22:35:33.408+07:00 DEBUG 30204 --- [PetShop_BE1] [http-nio-9998-exec-2] o.s.w.s.m.m.a.HttpEntityMethodProcessor  : Using 'application/json;q=0.8', given [image/avif, image/webp, image/apng, image/svg+xml, image/*, */*;q=0.8] and supported [application/json, application/*+json, application/yaml]
2024-11-30T22:35:33.409+07:00 DEBUG 30204 --- [PetShop_BE1] [http-nio-9998-exec-1] o.s.web.servlet.DispatcherServlet        : Exiting from "ERROR" dispatch, status 404
2024-11-30T22:35:33.409+07:00 DEBUG 30204 --- [PetShop_BE1] [http-nio-9998-exec-2] o.s.w.s.m.m.a.HttpEntityMethodProcessor  : Writing [{timestamp=Sat Nov 30 22:35:33 ICT 2024, status=404, error=Not Found, trace=org.springframework.web. (truncated)...]
2024-11-30T22:35:33.411+07:00 DEBUG 30204 --- [PetShop_BE1] [http-nio-9998-exec-2] o.s.web.servlet.DispatcherServlet        : Exiting from "ERROR" dispatch, status 404
2024-11-30T22:35:37.973+07:00 DEBUG 30204 --- [PetShop_BE1] [http-nio-9998-exec-5] o.s.web.servlet.DispatcherServlet        : GET "/api/products", parameters={}
2024-11-30T22:35:37.974+07:00 DEBUG 30204 --- [PetShop_BE1] [http-nio-9998-exec-5] s.w.s.m.m.a.RequestMappingHandlerMapping : Mapped to iuh.fit.se.controller.ProductController#getAllProducts()
2024-11-30T22:35:37.979+07:00 DEBUG 30204 --- [PetShop_BE1] [http-nio-9998-exec-5] m.m.a.RequestResponseBodyMethodProcessor : Using 'application/json', given [*/*] and supported [application/json, application/*+json, application/yaml]
2024-11-30T22:35:37.981+07:00 DEBUG 30204 --- [PetShop_BE1] [http-nio-9998-exec-5] m.m.a.RequestResponseBodyMethodProcessor : Writing [[Product [id=1, name=aaaaaa, oldPrice=111.0, newPrice=22.0, description=dsf, size=22, color=22, quan (truncated)...]
2024-11-30T22:35:37.983+07:00 DEBUG 30204 --- [PetShop_BE1] [http-nio-9998-exec-5] o.s.web.servlet.DispatcherServlet        : Completed 200 OK
2024-11-30T22:35:38.806+07:00 DEBUG 30204 --- [PetShop_BE1] [http-nio-9998-exec-6] o.s.web.servlet.DispatcherServlet        : GET "/api/assets/upload/images/64899e2f-d0cc-4930-84bc-87f6fe57986a.png", parameters={}
2024-11-30T22:35:38.807+07:00 DEBUG 30204 --- [PetShop_BE1] [http-nio-9998-exec-7] o.s.web.servlet.DispatcherServlet        : GET "/api/assets/upload/images/ca6787a8-5b4f-4441-8b4e-e636be9223f5.png", parameters={}
2024-11-30T22:35:38.808+07:00 DEBUG 30204 --- [PetShop_BE1] [http-nio-9998-exec-6] o.s.w.s.handler.SimpleUrlHandlerMapping  : Mapped to ResourceHttpRequestHandler [classpath [META-INF/resources/], classpath [resources/], classpath [static/], classpath [public/], ServletContext [/]]
2024-11-30T22:35:38.808+07:00 DEBUG 30204 --- [PetShop_BE1] [http-nio-9998-exec-7] o.s.w.s.handler.SimpleUrlHandlerMapping  : Mapped to ResourceHttpRequestHandler [classpath [META-INF/resources/], classpath [resources/], classpath [static/], classpath [public/], ServletContext [/]]
2024-11-30T22:35:38.810+07:00 DEBUG 30204 --- [PetShop_BE1] [http-nio-9998-exec-7] o.s.w.s.r.ResourceHttpRequestHandler     : Resource not found
2024-11-30T22:35:38.810+07:00 DEBUG 30204 --- [PetShop_BE1] [http-nio-9998-exec-6] o.s.w.s.r.ResourceHttpRequestHandler     : Resource not found
2024-11-30T22:35:38.811+07:00 DEBUG 30204 --- [PetShop_BE1] [http-nio-9998-exec-7] .w.s.m.s.DefaultHandlerExceptionResolver : Resolved [org.springframework.web.servlet.resource.NoResourceFoundException: No static resource assets/upload/images/ca6787a8-5b4f-4441-8b4e-e636be9223f5.png.]
2024-11-30T22:35:38.811+07:00 DEBUG 30204 --- [PetShop_BE1] [http-nio-9998-exec-6] .w.s.m.s.DefaultHandlerExceptionResolver : Resolved [org.springframework.web.servlet.resource.NoResourceFoundException: No static resource assets/upload/images/64899e2f-d0cc-4930-84bc-87f6fe57986a.png.]
2024-11-30T22:35:38.811+07:00 DEBUG 30204 --- [PetShop_BE1] [http-nio-9998-exec-7] o.s.web.servlet.DispatcherServlet        : Completed 404 NOT_FOUND
2024-11-30T22:35:38.811+07:00 DEBUG 30204 --- [PetShop_BE1] [http-nio-9998-exec-6] o.s.web.servlet.DispatcherServlet        : Completed 404 NOT_FOUND
2024-11-30T22:35:38.812+07:00 DEBUG 30204 --- [PetShop_BE1] [http-nio-9998-exec-6] o.s.web.servlet.DispatcherServlet        : "ERROR" dispatch for GET "/api/error", parameters={}
2024-11-30T22:35:38.812+07:00 DEBUG 30204 --- [PetShop_BE1] [http-nio-9998-exec-7] o.s.web.servlet.DispatcherServlet        : "ERROR" dispatch for GET "/api/error", parameters={}
2024-11-30T22:35:38.813+07:00 DEBUG 30204 --- [PetShop_BE1] [http-nio-9998-exec-6] s.w.s.m.m.a.RequestMappingHandlerMapping : Mapped to org.springframework.boot.autoconfigure.web.servlet.error.BasicErrorController#error(HttpServletRequest)
2024-11-30T22:35:38.813+07:00 DEBUG 30204 --- [PetShop_BE1] [http-nio-9998-exec-7] s.w.s.m.m.a.RequestMappingHandlerMapping : Mapped to org.springframework.boot.autoconfigure.web.servlet.error.BasicErrorController#error(HttpServletRequest)
2024-11-30T22:35:38.814+07:00 DEBUG 30204 --- [PetShop_BE1] [http-nio-9998-exec-6] o.s.w.s.m.m.a.HttpEntityMethodProcessor  : Using 'application/json;q=0.8', given [image/avif, image/webp, image/apng, image/svg+xml, image/*, */*;q=0.8] and supported [application/json, application/*+json, application/yaml]
2024-11-30T22:35:38.814+07:00 DEBUG 30204 --- [PetShop_BE1] [http-nio-9998-exec-7] o.s.w.s.m.m.a.HttpEntityMethodProcessor  : Using 'application/json;q=0.8', given [image/avif, image/webp, image/apng, image/svg+xml, image/*, */*;q=0.8] and supported [application/json, application/*+json, application/yaml]
2024-11-30T22:35:38.814+07:00 DEBUG 30204 --- [PetShop_BE1] [http-nio-9998-exec-6] o.s.w.s.m.m.a.HttpEntityMethodProcessor  : Writing [{timestamp=Sat Nov 30 22:35:38 ICT 2024, status=404, error=Not Found, trace=org.springframework.web. (truncated)...]
2024-11-30T22:35:38.814+07:00 DEBUG 30204 --- [PetShop_BE1] [http-nio-9998-exec-7] o.s.w.s.m.m.a.HttpEntityMethodProcessor  : Writing [{timestamp=Sat Nov 30 22:35:38 ICT 2024, status=404, error=Not Found, trace=org.springframework.web. (truncated)...]
2024-11-30T22:35:38.815+07:00 DEBUG 30204 --- [PetShop_BE1] [http-nio-9998-exec-6] o.s.web.servlet.DispatcherServlet        : Exiting from "ERROR" dispatch, status 404
2024-11-30T22:35:38.815+07:00 DEBUG 30204 --- [PetShop_BE1] [http-nio-9998-exec-7] o.s.web.servlet.DispatcherServlet        : Exiting from "ERROR" dispatch, status 404
2024-11-30T22:36:15.921+07:00 DEBUG 30204 --- [PetShop_BE1] [http-nio-9998-exec-1] o.s.web.servlet.DispatcherServlet        : GET "/api/products", parameters={}
2024-11-30T22:36:15.922+07:00 DEBUG 30204 --- [PetShop_BE1] [http-nio-9998-exec-1] s.w.s.m.m.a.RequestMappingHandlerMapping : Mapped to iuh.fit.se.controller.ProductController#getAllProducts()
2024-11-30T22:36:15.927+07:00 DEBUG 30204 --- [PetShop_BE1] [http-nio-9998-exec-1] m.m.a.RequestResponseBodyMethodProcessor : Using 'application/json', given [*/*] and supported [application/json, application/*+json, application/yaml]
2024-11-30T22:36:15.928+07:00 DEBUG 30204 --- [PetShop_BE1] [http-nio-9998-exec-1] m.m.a.RequestResponseBodyMethodProcessor : Writing [[Product [id=1, name=aaaaaa, oldPrice=111.0, newPrice=22.0, description=dsf, size=22, color=22, quan (truncated)...]
2024-11-30T22:36:15.929+07:00 DEBUG 30204 --- [PetShop_BE1] [http-nio-9998-exec-1] o.s.web.servlet.DispatcherServlet        : Completed 200 OK
2024-11-30T22:36:31.522+07:00 DEBUG 30204 --- [PetShop_BE1] [http-nio-9998-exec-4] o.s.web.servlet.DispatcherServlet        : GET "/api/assets/upload/images/64899e2f-d0cc-4930-84bc-87f6fe57986a.png", parameters={}
2024-11-30T22:36:31.523+07:00 DEBUG 30204 --- [PetShop_BE1] [http-nio-9998-exec-4] o.s.w.s.handler.SimpleUrlHandlerMapping  : Mapped to ResourceHttpRequestHandler [classpath [META-INF/resources/], classpath [resources/], classpath [static/], classpath [public/], ServletContext [/]]
2024-11-30T22:36:31.524+07:00 DEBUG 30204 --- [PetShop_BE1] [http-nio-9998-exec-4] o.s.w.s.r.ResourceHttpRequestHandler     : Resource not found
2024-11-30T22:36:31.525+07:00 DEBUG 30204 --- [PetShop_BE1] [http-nio-9998-exec-4] .w.s.m.s.DefaultHandlerExceptionResolver : Resolved [org.springframework.web.servlet.resource.NoResourceFoundException: No static resource assets/upload/images/64899e2f-d0cc-4930-84bc-87f6fe57986a.png.]
2024-11-30T22:36:31.525+07:00 DEBUG 30204 --- [PetShop_BE1] [http-nio-9998-exec-4] o.s.web.servlet.DispatcherServlet        : Completed 404 NOT_FOUND
2024-11-30T22:36:31.525+07:00 DEBUG 30204 --- [PetShop_BE1] [http-nio-9998-exec-4] o.s.web.servlet.DispatcherServlet        : "ERROR" dispatch for GET "/api/error", parameters={}
2024-11-30T22:36:31.526+07:00 DEBUG 30204 --- [PetShop_BE1] [http-nio-9998-exec-4] s.w.s.m.m.a.RequestMappingHandlerMapping : Mapped to org.springframework.boot.autoconfigure.web.servlet.error.BasicErrorController#errorHtml(HttpServletRequest, HttpServletResponse)
2024-11-30T22:36:31.539+07:00 DEBUG 30204 --- [PetShop_BE1] [http-nio-9998-exec-4] o.s.w.s.v.ContentNegotiatingViewResolver : Selected 'text/html' given [text/html, text/html;q=0.8]
2024-11-30T22:36:31.543+07:00 DEBUG 30204 --- [PetShop_BE1] [http-nio-9998-exec-4] o.s.web.servlet.DispatcherServlet        : Exiting from "ERROR" dispatch, status 404
2024-11-30T22:36:36.737+07:00 DEBUG 30204 --- [PetShop_BE1] [http-nio-9998-exec-5] o.s.web.servlet.DispatcherServlet        : GET "/api/assets/upload/images/64899e2f-d0cc-4930-84bc-87f6fe57986a.png", parameters={}
2024-11-30T22:36:36.738+07:00 DEBUG 30204 --- [PetShop_BE1] [http-nio-9998-exec-5] o.s.w.s.handler.SimpleUrlHandlerMapping  : Mapped to ResourceHttpRequestHandler [classpath [META-INF/resources/], classpath [resources/], classpath [static/], classpath [public/], ServletContext [/]]
2024-11-30T22:36:36.739+07:00 DEBUG 30204 --- [PetShop_BE1] [http-nio-9998-exec-5] o.s.w.s.r.ResourceHttpRequestHandler     : Resource not found
2024-11-30T22:36:36.740+07:00 DEBUG 30204 --- [PetShop_BE1] [http-nio-9998-exec-5] .w.s.m.s.DefaultHandlerExceptionResolver : Resolved [org.springframework.web.servlet.resource.NoResourceFoundException: No static resource assets/upload/images/64899e2f-d0cc-4930-84bc-87f6fe57986a.png.]
2024-11-30T22:36:36.740+07:00 DEBUG 30204 --- [PetShop_BE1] [http-nio-9998-exec-5] o.s.web.servlet.DispatcherServlet        : Completed 404 NOT_FOUND
2024-11-30T22:36:36.740+07:00 DEBUG 30204 --- [PetShop_BE1] [http-nio-9998-exec-5] o.s.web.servlet.DispatcherServlet        : "ERROR" dispatch for GET "/api/error", parameters={}
2024-11-30T22:36:36.740+07:00 DEBUG 30204 --- [PetShop_BE1] [http-nio-9998-exec-5] s.w.s.m.m.a.RequestMappingHandlerMapping : Mapped to org.springframework.boot.autoconfigure.web.servlet.error.BasicErrorController#errorHtml(HttpServletRequest, HttpServletResponse)
2024-11-30T22:36:36.743+07:00 DEBUG 30204 --- [PetShop_BE1] [http-nio-9998-exec-5] o.s.w.s.v.ContentNegotiatingViewResolver : Selected 'text/html' given [text/html, text/html;q=0.8]
2024-11-30T22:36:36.744+07:00 DEBUG 30204 --- [PetShop_BE1] [http-nio-9998-exec-5] o.s.web.servlet.DispatcherServlet        : Exiting from "ERROR" dispatch, status 404
2024-11-30T22:36:45.040+07:00  INFO 30204 --- [PetShop_BE1] [File Watcher] rtingClassPathChangeChangedEventListener : Restarting due to 6 class path changes (5 additions, 0 deletions, 1 modification)
2024-11-30T22:36:45.045+07:00  INFO 30204 --- [PetShop_BE1] [Thread-1] o.s.b.w.e.tomcat.GracefulShutdown        : Commencing graceful shutdown. Waiting for active requests to complete
2024-11-30T22:36:45.118+07:00  INFO 30204 --- [PetShop_BE1] [tomcat-shutdown] o.s.b.w.e.tomcat.GracefulShutdown        : Graceful shutdown complete
2024-11-30T22:36:45.126+07:00  INFO 30204 --- [PetShop_BE1] [Thread-1] j.LocalContainerEntityManagerFactoryBean : Closing JPA EntityManagerFactory for persistence unit 'default'
2024-11-30T22:36:45.134+07:00  INFO 30204 --- [PetShop_BE1] [Thread-1] com.zaxxer.hikari.HikariDataSource       : HikariPool-1 - Shutdown initiated...
2024-11-30T22:36:45.138+07:00  INFO 30204 --- [PetShop_BE1] [Thread-1] com.zaxxer.hikari.HikariDataSource       : HikariPool-1 - Shutdown completed.
2024-11-30T22:36:45.273+07:00  INFO 30204 --- [PetShop_BE1] [restartedMain] iuh.fit.se.PetShopBe1Application         : Starting PetShopBe1Application using Java 17.0.12 with PID 30204 (D:\JAVA\www\spring\project\SubProject_WWW_JAVA\PetShop_BE1\target\classes started by Nghiem in D:\JAVA\www\spring\project\SubProject_WWW_JAVA\PetShop_BE1)
2024-11-30T22:36:45.273+07:00  INFO 30204 --- [PetShop_BE1] [restartedMain] iuh.fit.se.PetShopBe1Application         : No active profile set, falling back to 1 default profile: "default"
2024-11-30T22:36:45.459+07:00  INFO 30204 --- [PetShop_BE1] [restartedMain] .s.d.r.c.RepositoryConfigurationDelegate : Bootstrapping Spring Data JPA repositories in DEFAULT mode.
2024-11-30T22:36:45.474+07:00  INFO 30204 --- [PetShop_BE1] [restartedMain] .s.d.r.c.RepositoryConfigurationDelegate : Finished Spring Data repository scanning in 14 ms. Found 4 JPA repository interfaces.
2024-11-30T22:36:45.563+07:00  WARN 30204 --- [PetShop_BE1] [restartedMain] trationDelegate$BeanPostProcessorChecker : Bean 'org.springframework.ws.config.annotation.DelegatingWsConfiguration' of type [org.springframework.ws.config.annotation.DelegatingWsConfiguration$$SpringCGLIB$$0] is not eligible for getting processed by all BeanPostProcessors (for example: not eligible for auto-proxying). The currently created BeanPostProcessor [annotationActionEndpointMapping] is declared through a non-static factory method on that class; consider declaring it as static instead.
2024-11-30T22:36:45.565+07:00  INFO 30204 --- [PetShop_BE1] [restartedMain] .w.s.a.s.AnnotationActionEndpointMapping : Supporting [WS-Addressing August 2004, WS-Addressing 1.0]
2024-11-30T22:36:45.605+07:00  INFO 30204 --- [PetShop_BE1] [restartedMain] o.s.b.w.embedded.tomcat.TomcatWebServer  : Tomcat initialized with port 9998 (http)
2024-11-30T22:36:45.606+07:00  INFO 30204 --- [PetShop_BE1] [restartedMain] o.apache.catalina.core.StandardService   : Starting service [Tomcat]
2024-11-30T22:36:45.606+07:00  INFO 30204 --- [PetShop_BE1] [restartedMain] o.apache.catalina.core.StandardEngine    : Starting Servlet engine: [Apache Tomcat/10.1.33]
2024-11-30T22:36:45.625+07:00  INFO 30204 --- [PetShop_BE1] [restartedMain] o.a.c.c.C.[Tomcat].[localhost].[/api]    : Initializing Spring embedded WebApplicationContext
2024-11-30T22:36:45.625+07:00  INFO 30204 --- [PetShop_BE1] [restartedMain] w.s.c.ServletWebServerApplicationContext : Root WebApplicationContext: initialization completed in 351 ms
2024-11-30T22:36:45.666+07:00  INFO 30204 --- [PetShop_BE1] [restartedMain] o.s.o.j.p.SpringPersistenceUnitInfo      : No LoadTimeWeaver setup: ignoring JPA class transformer
2024-11-30T22:36:45.667+07:00  INFO 30204 --- [PetShop_BE1] [restartedMain] com.zaxxer.hikari.HikariDataSource       : HikariPool-2 - Starting...
2024-11-30T22:36:45.671+07:00  INFO 30204 --- [PetShop_BE1] [restartedMain] com.zaxxer.hikari.pool.HikariPool        : HikariPool-2 - Added connection org.mariadb.jdbc.Connection@7603d276
2024-11-30T22:36:45.671+07:00  INFO 30204 --- [PetShop_BE1] [restartedMain] com.zaxxer.hikari.HikariDataSource       : HikariPool-2 - Start completed.
2024-11-30T22:36:45.813+07:00  INFO 30204 --- [PetShop_BE1] [restartedMain] j.LocalContainerEntityManagerFactoryBean : Initialized JPA EntityManagerFactory for persistence unit 'default'
2024-11-30T22:36:45.920+07:00  WARN 30204 --- [PetShop_BE1] [restartedMain] JpaBaseConfiguration$JpaWebConfiguration : spring.jpa.open-in-view is enabled by default. Therefore, database queries may be performed during view rendering. Explicitly configure spring.jpa.open-in-view to disable this warning
2024-11-30T22:36:45.983+07:00 DEBUG 30204 --- [PetShop_BE1] [restartedMain] s.w.s.m.m.a.RequestMappingHandlerMapping : 23 mappings in 'requestMappingHandlerMapping'
2024-11-30T22:36:46.005+07:00 DEBUG 30204 --- [PetShop_BE1] [restartedMain] o.s.w.s.handler.SimpleUrlHandlerMapping  : Patterns [/webjars/**, /**, /swagger-ui*/*swagger-initializer.js, /swagger-ui*/**, /api/explorer/**] in 'resourceHandlerMapping'
2024-11-30T22:36:46.014+07:00 DEBUG 30204 --- [PetShop_BE1] [restartedMain] s.w.s.m.m.a.RequestMappingHandlerAdapter : ControllerAdvice beans: 0 @ModelAttribute, 0 @InitBinder, 1 RequestBodyAdvice, 1 ResponseBodyAdvice
2024-11-30T22:36:46.021+07:00 DEBUG 30204 --- [PetShop_BE1] [restartedMain] .m.m.a.ExceptionHandlerExceptionResolver : ControllerAdvice beans: 2 @ExceptionHandler, 1 ResponseBodyAdvice
2024-11-30T22:36:46.031+07:00 DEBUG 30204 --- [PetShop_BE1] [restartedMain] .m.m.a.ExceptionHandlerExceptionResolver : ControllerAdvice beans: 2 @ExceptionHandler, 0 ResponseBodyAdvice
2024-11-30T22:36:46.123+07:00  WARN 30204 --- [PetShop_BE1] [restartedMain] o.s.b.d.a.OptionalLiveReloadServer       : Unable to start LiveReload server
2024-11-30T22:36:46.139+07:00  INFO 30204 --- [PetShop_BE1] [restartedMain] o.s.b.w.embedded.tomcat.TomcatWebServer  : Tomcat started on port 9998 (http) with context path '/api'
2024-11-30T22:36:46.142+07:00  INFO 30204 --- [PetShop_BE1] [restartedMain] iuh.fit.se.PetShopBe1Application         : Started PetShopBe1Application in 0.899 seconds (process running for 497.552)
2024-11-30T22:36:46.144+07:00  INFO 30204 --- [PetShop_BE1] [restartedMain] .ConditionEvaluationDeltaLoggingListener : Condition evaluation unchanged
2024-11-30T22:36:47.018+07:00  INFO 30204 --- [PetShop_BE1] [http-nio-9998-exec-1] o.a.c.c.C.[Tomcat].[localhost].[/api]    : Initializing Spring DispatcherServlet 'dispatcherServlet'
2024-11-30T22:36:47.019+07:00  INFO 30204 --- [PetShop_BE1] [http-nio-9998-exec-1] o.s.web.servlet.DispatcherServlet        : Initializing Servlet 'dispatcherServlet'
2024-11-30T22:36:47.019+07:00 DEBUG 30204 --- [PetShop_BE1] [http-nio-9998-exec-1] o.s.web.servlet.DispatcherServlet        : Detected StandardServletMultipartResolver
2024-11-30T22:36:47.019+07:00 DEBUG 30204 --- [PetShop_BE1] [http-nio-9998-exec-1] o.s.web.servlet.DispatcherServlet        : Detected AcceptHeaderLocaleResolver
2024-11-30T22:36:47.019+07:00 DEBUG 30204 --- [PetShop_BE1] [http-nio-9998-exec-1] o.s.web.servlet.DispatcherServlet        : Detected FixedThemeResolver
2024-11-30T22:36:47.020+07:00 DEBUG 30204 --- [PetShop_BE1] [http-nio-9998-exec-1] o.s.web.servlet.DispatcherServlet        : Detected org.springframework.web.servlet.view.DefaultRequestToViewNameTranslator@7b18b704
2024-11-30T22:36:47.020+07:00 DEBUG 30204 --- [PetShop_BE1] [http-nio-9998-exec-1] o.s.web.servlet.DispatcherServlet        : Detected org.springframework.web.servlet.support.SessionFlashMapManager@264ff940
2024-11-30T22:36:47.020+07:00 DEBUG 30204 --- [PetShop_BE1] [http-nio-9998-exec-1] o.s.web.servlet.DispatcherServlet        : enableLoggingRequestDetails='false': request parameters and headers will be masked to prevent unsafe logging of potentially sensitive data
2024-11-30T22:36:47.020+07:00  INFO 30204 --- [PetShop_BE1] [http-nio-9998-exec-1] o.s.web.servlet.DispatcherServlet        : Completed initialization in 1 ms
2024-11-30T22:36:47.021+07:00 DEBUG 30204 --- [PetShop_BE1] [http-nio-9998-exec-1] o.s.web.servlet.DispatcherServlet        : GET "/api/assets/upload/images/64899e2f-d0cc-4930-84bc-87f6fe57986a.png", parameters={}
2024-11-30T22:36:47.022+07:00 DEBUG 30204 --- [PetShop_BE1] [http-nio-9998-exec-1] o.s.w.s.handler.SimpleUrlHandlerMapping  : Mapped to ResourceHttpRequestHandler [classpath [META-INF/resources/], classpath [resources/], classpath [static/], classpath [public/], ServletContext [/]]
2024-11-30T22:36:47.025+07:00 DEBUG 30204 --- [PetShop_BE1] [http-nio-9998-exec-1] o.s.web.servlet.DispatcherServlet        : Completed 200 OK
2024-11-30T22:36:51.628+07:00  INFO 30204 --- [PetShop_BE1] [File Watcher] rtingClassPathChangeChangedEventListener : Restarting due to 1 class path change (0 additions, 0 deletions, 1 modification)
2024-11-30T22:36:51.629+07:00  INFO 30204 --- [PetShop_BE1] [Thread-5] o.s.b.w.e.tomcat.GracefulShutdown        : Commencing graceful shutdown. Waiting for active requests to complete
2024-11-30T22:36:51.705+07:00  INFO 30204 --- [PetShop_BE1] [tomcat-shutdown] o.s.b.w.e.tomcat.GracefulShutdown        : Graceful shutdown complete
2024-11-30T22:36:51.708+07:00  INFO 30204 --- [PetShop_BE1] [Thread-5] j.LocalContainerEntityManagerFactoryBean : Closing JPA EntityManagerFactory for persistence unit 'default'
2024-11-30T22:36:51.709+07:00  INFO 30204 --- [PetShop_BE1] [Thread-5] com.zaxxer.hikari.HikariDataSource       : HikariPool-2 - Shutdown initiated...
2024-11-30T22:36:51.711+07:00  INFO 30204 --- [PetShop_BE1] [Thread-5] com.zaxxer.hikari.HikariDataSource       : HikariPool-2 - Shutdown completed.
2024-11-30T22:36:51.791+07:00  INFO 30204 --- [PetShop_BE1] [restartedMain] iuh.fit.se.PetShopBe1Application         : Starting PetShopBe1Application using Java 17.0.12 with PID 30204 (D:\JAVA\www\spring\project\SubProject_WWW_JAVA\PetShop_BE1\target\classes started by Nghiem in D:\JAVA\www\spring\project\SubProject_WWW_JAVA\PetShop_BE1)
2024-11-30T22:36:51.791+07:00  INFO 30204 --- [PetShop_BE1] [restartedMain] iuh.fit.se.PetShopBe1Application         : No active profile set, falling back to 1 default profile: "default"
2024-11-30T22:36:51.943+07:00  INFO 30204 --- [PetShop_BE1] [restartedMain] .s.d.r.c.RepositoryConfigurationDelegate : Bootstrapping Spring Data JPA repositories in DEFAULT mode.
2024-11-30T22:36:51.958+07:00  INFO 30204 --- [PetShop_BE1] [restartedMain] .s.d.r.c.RepositoryConfigurationDelegate : Finished Spring Data repository scanning in 13 ms. Found 4 JPA repository interfaces.
2024-11-30T22:36:52.007+07:00  WARN 30204 --- [PetShop_BE1] [restartedMain] trationDelegate$BeanPostProcessorChecker : Bean 'org.springframework.ws.config.annotation.DelegatingWsConfiguration' of type [org.springframework.ws.config.annotation.DelegatingWsConfiguration$$SpringCGLIB$$0] is not eligible for getting processed by all BeanPostProcessors (for example: not eligible for auto-proxying). The currently created BeanPostProcessor [annotationActionEndpointMapping] is declared through a non-static factory method on that class; consider declaring it as static instead.
2024-11-30T22:36:52.008+07:00  INFO 30204 --- [PetShop_BE1] [restartedMain] .w.s.a.s.AnnotationActionEndpointMapping : Supporting [WS-Addressing August 2004, WS-Addressing 1.0]
2024-11-30T22:36:52.036+07:00  INFO 30204 --- [PetShop_BE1] [restartedMain] o.s.b.w.embedded.tomcat.TomcatWebServer  : Tomcat initialized with port 9998 (http)
2024-11-30T22:36:52.037+07:00  INFO 30204 --- [PetShop_BE1] [restartedMain] o.apache.catalina.core.StandardService   : Starting service [Tomcat]
2024-11-30T22:36:52.037+07:00  INFO 30204 --- [PetShop_BE1] [restartedMain] o.apache.catalina.core.StandardEngine    : Starting Servlet engine: [Apache Tomcat/10.1.33]
2024-11-30T22:36:52.053+07:00  INFO 30204 --- [PetShop_BE1] [restartedMain] o.a.c.c.C.[Tomcat].[localhost].[/api]    : Initializing Spring embedded WebApplicationContext
2024-11-30T22:36:52.053+07:00  INFO 30204 --- [PetShop_BE1] [restartedMain] w.s.c.ServletWebServerApplicationContext : Root WebApplicationContext: initialization completed in 261 ms
2024-11-30T22:36:52.086+07:00  INFO 30204 --- [PetShop_BE1] [restartedMain] o.s.o.j.p.SpringPersistenceUnitInfo      : No LoadTimeWeaver setup: ignoring JPA class transformer
2024-11-30T22:36:52.087+07:00  INFO 30204 --- [PetShop_BE1] [restartedMain] com.zaxxer.hikari.HikariDataSource       : HikariPool-3 - Starting...
2024-11-30T22:36:52.089+07:00  INFO 30204 --- [PetShop_BE1] [restartedMain] com.zaxxer.hikari.pool.HikariPool        : HikariPool-3 - Added connection org.mariadb.jdbc.Connection@483c331c
2024-11-30T22:36:52.089+07:00  INFO 30204 --- [PetShop_BE1] [restartedMain] com.zaxxer.hikari.HikariDataSource       : HikariPool-3 - Start completed.
2024-11-30T22:36:52.185+07:00  INFO 30204 --- [PetShop_BE1] [restartedMain] j.LocalContainerEntityManagerFactoryBean : Initialized JPA EntityManagerFactory for persistence unit 'default'
2024-11-30T22:36:52.269+07:00  WARN 30204 --- [PetShop_BE1] [restartedMain] JpaBaseConfiguration$JpaWebConfiguration : spring.jpa.open-in-view is enabled by default. Therefore, database queries may be performed during view rendering. Explicitly configure spring.jpa.open-in-view to disable this warning
2024-11-30T22:36:52.313+07:00 DEBUG 30204 --- [PetShop_BE1] [restartedMain] s.w.s.m.m.a.RequestMappingHandlerMapping : 23 mappings in 'requestMappingHandlerMapping'
2024-11-30T22:36:52.331+07:00 DEBUG 30204 --- [PetShop_BE1] [restartedMain] o.s.w.s.handler.SimpleUrlHandlerMapping  : Patterns [/webjars/**, /**, /swagger-ui*/*swagger-initializer.js, /swagger-ui*/**, /api/explorer/**] in 'resourceHandlerMapping'
2024-11-30T22:36:52.338+07:00 DEBUG 30204 --- [PetShop_BE1] [restartedMain] s.w.s.m.m.a.RequestMappingHandlerAdapter : ControllerAdvice beans: 0 @ModelAttribute, 0 @InitBinder, 1 RequestBodyAdvice, 1 ResponseBodyAdvice
2024-11-30T22:36:52.347+07:00 DEBUG 30204 --- [PetShop_BE1] [restartedMain] .m.m.a.ExceptionHandlerExceptionResolver : ControllerAdvice beans: 2 @ExceptionHandler, 1 ResponseBodyAdvice
2024-11-30T22:36:52.356+07:00 DEBUG 30204 --- [PetShop_BE1] [restartedMain] .m.m.a.ExceptionHandlerExceptionResolver : ControllerAdvice beans: 2 @ExceptionHandler, 0 ResponseBodyAdvice
2024-11-30T22:36:52.419+07:00  WARN 30204 --- [PetShop_BE1] [restartedMain] o.s.b.d.a.OptionalLiveReloadServer       : Unable to start LiveReload server
2024-11-30T22:36:52.429+07:00  INFO 30204 --- [PetShop_BE1] [restartedMain] o.s.b.w.embedded.tomcat.TomcatWebServer  : Tomcat started on port 9998 (http) with context path '/api'
2024-11-30T22:36:52.434+07:00  INFO 30204 --- [PetShop_BE1] [restartedMain] iuh.fit.se.PetShopBe1Application         : Started PetShopBe1Application in 0.674 seconds (process running for 503.844)
2024-11-30T22:36:52.436+07:00  INFO 30204 --- [PetShop_BE1] [restartedMain] .ConditionEvaluationDeltaLoggingListener : Condition evaluation unchanged
2024-11-30T22:37:04.250+07:00  INFO 30204 --- [PetShop_BE1] [http-nio-9998-exec-1] o.a.c.c.C.[Tomcat].[localhost].[/api]    : Initializing Spring DispatcherServlet 'dispatcherServlet'
2024-11-30T22:37:04.250+07:00  INFO 30204 --- [PetShop_BE1] [http-nio-9998-exec-1] o.s.web.servlet.DispatcherServlet        : Initializing Servlet 'dispatcherServlet'
2024-11-30T22:37:04.250+07:00 DEBUG 30204 --- [PetShop_BE1] [http-nio-9998-exec-1] o.s.web.servlet.DispatcherServlet        : Detected StandardServletMultipartResolver
2024-11-30T22:37:04.251+07:00 DEBUG 30204 --- [PetShop_BE1] [http-nio-9998-exec-1] o.s.web.servlet.DispatcherServlet        : Detected AcceptHeaderLocaleResolver
2024-11-30T22:37:04.251+07:00 DEBUG 30204 --- [PetShop_BE1] [http-nio-9998-exec-1] o.s.web.servlet.DispatcherServlet        : Detected FixedThemeResolver
2024-11-30T22:37:04.252+07:00 DEBUG 30204 --- [PetShop_BE1] [http-nio-9998-exec-1] o.s.web.servlet.DispatcherServlet        : Detected org.springframework.web.servlet.view.DefaultRequestToViewNameTranslator@2e6e4aa6
2024-11-30T22:37:04.253+07:00 DEBUG 30204 --- [PetShop_BE1] [http-nio-9998-exec-1] o.s.web.servlet.DispatcherServlet        : Detected org.springframework.web.servlet.support.SessionFlashMapManager@41ef6fb6
2024-11-30T22:37:04.253+07:00 DEBUG 30204 --- [PetShop_BE1] [http-nio-9998-exec-1] o.s.web.servlet.DispatcherServlet        : enableLoggingRequestDetails='false': request parameters and headers will be masked to prevent unsafe logging of potentially sensitive data
2024-11-30T22:37:04.253+07:00  INFO 30204 --- [PetShop_BE1] [http-nio-9998-exec-1] o.s.web.servlet.DispatcherServlet        : Completed initialization in 3 ms
2024-11-30T22:37:04.253+07:00 DEBUG 30204 --- [PetShop_BE1] [http-nio-9998-exec-1] o.s.web.servlet.DispatcherServlet        : GET "/api/products", parameters={}
2024-11-30T22:37:04.254+07:00 DEBUG 30204 --- [PetShop_BE1] [http-nio-9998-exec-1] s.w.s.m.m.a.RequestMappingHandlerMapping : Mapped to iuh.fit.se.controller.ProductController#getAllProducts()
2024-11-30T22:37:04.261+07:00 DEBUG 30204 --- [PetShop_BE1] [http-nio-9998-exec-1] m.m.a.RequestResponseBodyMethodProcessor : Using 'application/json', given [*/*] and supported [application/json, application/*+json, application/yaml]
2024-11-30T22:37:04.267+07:00 DEBUG 30204 --- [PetShop_BE1] [http-nio-9998-exec-1] m.m.a.RequestResponseBodyMethodProcessor : Writing [[Product [id=1, name=aaaaaa, oldPrice=111.0, newPrice=22.0, description=dsf, size=22, color=22, quan (truncated)...]
2024-11-30T22:37:04.272+07:00 DEBUG 30204 --- [PetShop_BE1] [http-nio-9998-exec-1] o.s.web.servlet.DispatcherServlet        : Completed 200 OK
2024-11-30T22:37:05.179+07:00 DEBUG 30204 --- [PetShop_BE1] [http-nio-9998-exec-2] o.s.web.servlet.DispatcherServlet        : GET "/api/assets/upload/images/64899e2f-d0cc-4930-84bc-87f6fe57986a.png", parameters={}
2024-11-30T22:37:05.179+07:00 DEBUG 30204 --- [PetShop_BE1] [http-nio-9998-exec-3] o.s.web.servlet.DispatcherServlet        : GET "/api/assets/upload/images/ca6787a8-5b4f-4441-8b4e-e636be9223f5.png", parameters={}
2024-11-30T22:37:05.180+07:00 DEBUG 30204 --- [PetShop_BE1] [http-nio-9998-exec-2] o.s.w.s.handler.SimpleUrlHandlerMapping  : Mapped to ResourceHttpRequestHandler [classpath [META-INF/resources/], classpath [resources/], classpath [static/], classpath [public/], ServletContext [/]]
2024-11-30T22:37:05.180+07:00 DEBUG 30204 --- [PetShop_BE1] [http-nio-9998-exec-3] o.s.w.s.handler.SimpleUrlHandlerMapping  : Mapped to ResourceHttpRequestHandler [classpath [META-INF/resources/], classpath [resources/], classpath [static/], classpath [public/], ServletContext [/]]
2024-11-30T22:37:05.181+07:00 DEBUG 30204 --- [PetShop_BE1] [http-nio-9998-exec-2] o.s.web.servlet.DispatcherServlet        : Completed 200 OK
2024-11-30T22:37:05.182+07:00 DEBUG 30204 --- [PetShop_BE1] [http-nio-9998-exec-3] o.s.web.servlet.DispatcherServlet        : Completed 200 OK
2024-11-30T22:37:18.276+07:00 DEBUG 30204 --- [PetShop_BE1] [http-nio-9998-exec-7] o.s.web.servlet.DispatcherServlet        : GET "/api/products", parameters={}
2024-11-30T22:37:18.277+07:00 DEBUG 30204 --- [PetShop_BE1] [http-nio-9998-exec-7] s.w.s.m.m.a.RequestMappingHandlerMapping : Mapped to iuh.fit.se.controller.ProductController#getAllProducts()
2024-11-30T22:37:18.282+07:00 DEBUG 30204 --- [PetShop_BE1] [http-nio-9998-exec-7] m.m.a.RequestResponseBodyMethodProcessor : Using 'application/json', given [*/*] and supported [application/json, application/*+json, application/yaml]
2024-11-30T22:37:18.284+07:00 DEBUG 30204 --- [PetShop_BE1] [http-nio-9998-exec-7] m.m.a.RequestResponseBodyMethodProcessor : Writing [[Product [id=1, name=aaaaaa, oldPrice=111.0, newPrice=22.0, description=dsf, size=22, color=22, quan (truncated)...]
2024-11-30T22:37:18.284+07:00 DEBUG 30204 --- [PetShop_BE1] [http-nio-9998-exec-7] o.s.web.servlet.DispatcherServlet        : Completed 200 OK
2024-11-30T22:37:19.115+07:00 DEBUG 30204 --- [PetShop_BE1] [http-nio-9998-exec-10] o.s.web.servlet.DispatcherServlet        : GET "/api/assets/upload/images/ca6787a8-5b4f-4441-8b4e-e636be9223f5.png", parameters={}
2024-11-30T22:37:19.115+07:00 DEBUG 30204 --- [PetShop_BE1] [http-nio-9998-exec-9] o.s.web.servlet.DispatcherServlet        : GET "/api/assets/upload/images/64899e2f-d0cc-4930-84bc-87f6fe57986a.png", parameters={}
2024-11-30T22:37:19.116+07:00 DEBUG 30204 --- [PetShop_BE1] [http-nio-9998-exec-10] o.s.w.s.handler.SimpleUrlHandlerMapping  : Mapped to ResourceHttpRequestHandler [classpath [META-INF/resources/], classpath [resources/], classpath [static/], classpath [public/], ServletContext [/]]
2024-11-30T22:37:19.116+07:00 DEBUG 30204 --- [PetShop_BE1] [http-nio-9998-exec-9] o.s.w.s.handler.SimpleUrlHandlerMapping  : Mapped to ResourceHttpRequestHandler [classpath [META-INF/resources/], classpath [resources/], classpath [static/], classpath [public/], ServletContext [/]]
2024-11-30T22:37:19.118+07:00 DEBUG 30204 --- [PetShop_BE1] [http-nio-9998-exec-9] o.s.web.servlet.DispatcherServlet        : Completed 200 OK
2024-11-30T22:37:19.118+07:00 DEBUG 30204 --- [PetShop_BE1] [http-nio-9998-exec-10] o.s.web.servlet.DispatcherServlet        : Completed 200 OK
